#
# There is insufficient memory for the Java Runtime Environment to continue.
# Native memory allocation (malloc) failed to allocate 69616 bytes for Chunk::new
# Possible reasons:
#   The system is out of physical RAM or swap space
#   The process is running with CompressedOops enabled, and the Java Heap may be blocking the growth of the native heap
# Possible solutions:
#   Reduce memory load on the system
#   Increase physical memory or swap space
#   Check if swap backing store is full
#   Decrease Java heap size (-Xmx/-Xms)
#   Decrease number of Java threads
#   Decrease Java thread stack sizes (-Xss)
#   Set larger code cache with -XX:ReservedCodeCacheSize=
#   JVM is running with Zero Based Compressed Oops mode in which the Java heap is
#     placed in the first 32GB address space. The Java Heap base address is the
#     maximum limit for the native heap growth. Please use -XX:HeapBaseMinAddress
#     to set the Java Heap base and to place the Java Heap above 32GB virtual address.
# This output file may be truncated or incomplete.
#
#  Out of Memory Error (arena.cpp:195), pid=30500, tid=28452
#
# JRE version: OpenJDK Runtime Environment (16.0.2+7) (build 16.0.2+7-67)
# Java VM: OpenJDK 64-Bit Server VM (16.0.2+7-67, mixed mode, tiered, compressed oops, compressed class ptrs, g1 gc, windows-amd64)
# No core dump will be written. Minidumps are not enabled by default on client versions of Windows
#

---------------  S U M M A R Y ------------

Command Line: -Dfile.encoding=Cp1252 -XX:+ShowCodeDetailsInExceptionMessages Meow

Host: Intel(R) Core(TM) i7-9750H CPU @ 2.60GHz, 12 cores, 15G,  Windows 10 , 64 bit Build 19041 (10.0.19041.3636)
Time: Sun Jun  2 18:35:53 2024 Central Daylight Time elapsed time: 0.872618 seconds (0d 0h 0m 0s)

---------------  T H R E A D  ---------------

Current thread (0x0000010902c6e4a0):  JavaThread "C2 CompilerThread0" daemon [_thread_in_native, id=28452, stack(0x0000000547500000,0x0000000547600000)]


Current CompileTask:
C2:    872  866       4       java.lang.StringBuilder::append (8 bytes)

Stack: [0x0000000547500000,0x0000000547600000]
Native frames: (J=compiled Java code, j=interpreted, Vv=VM code, C=native code)
V  [jvm.dll+0x6681ca]
V  [jvm.dll+0x7c9e69]
V  [jvm.dll+0x7cb61e]
V  [jvm.dll+0x7cbc73]
V  [jvm.dll+0x242c55]
V  [jvm.dll+0xadeba]
V  [jvm.dll+0xae45c]
V  [jvm.dll+0x2a4cdf]
V  [jvm.dll+0x573c29]
V  [jvm.dll+0x21e905]
V  [jvm.dll+0x217c01]
V  [jvm.dll+0x214ffc]
V  [jvm.dll+0x1a1beb]
V  [jvm.dll+0x225158]
V  [jvm.dll+0x22319c]
V  [jvm.dll+0x77fa62]
V  [jvm.dll+0x7795aa]
V  [jvm.dll+0x667066]
C  [ucrtbase.dll+0x21bb2]
C  [KERNEL32.DLL+0x17344]
C  [ntdll.dll+0x526b1]


---------------  P R O C E S S  ---------------

Threads class SMR info:
_java_thread_list=0x000001090d8006b0, length=17, elements={
0x00000109613e44d0, 0x0000010902c35020, 0x0000010902c35ee0, 0x0000010902c6a5a0,
0x0000010902c6c2c0, 0x0000010902c6ccc0, 0x0000010902c6d6c0, 0x0000010902c6e4a0,
0x0000010902c7aab0, 0x0000010902c89900, 0x0000010902df6810, 0x0000010902df9030,
0x000001090328a080, 0x00000109032b2bf0, 0x00000109032b7be0, 0x000001090d757470,
0x000001090d8a5570
}

Java Threads: ( => current thread )
  0x00000109613e44d0 JavaThread "main" [_thread_in_vm, id=26280, stack(0x0000000546800000,0x0000000546900000)]
  0x0000010902c35020 JavaThread "Reference Handler" daemon [_thread_blocked, id=5456, stack(0x0000000546f00000,0x0000000547000000)]
  0x0000010902c35ee0 JavaThread "Finalizer" daemon [_thread_blocked, id=18316, stack(0x0000000547000000,0x0000000547100000)]
  0x0000010902c6a5a0 JavaThread "Signal Dispatcher" daemon [_thread_blocked, id=11692, stack(0x0000000547100000,0x0000000547200000)]
  0x0000010902c6c2c0 JavaThread "Attach Listener" daemon [_thread_blocked, id=29048, stack(0x0000000547200000,0x0000000547300000)]
  0x0000010902c6ccc0 JavaThread "Service Thread" daemon [_thread_blocked, id=34440, stack(0x0000000547300000,0x0000000547400000)]
  0x0000010902c6d6c0 JavaThread "Monitor Deflation Thread" daemon [_thread_blocked, id=25752, stack(0x0000000547400000,0x0000000547500000)]
=>0x0000010902c6e4a0 JavaThread "C2 CompilerThread0" daemon [_thread_in_native, id=28452, stack(0x0000000547500000,0x0000000547600000)]
  0x0000010902c7aab0 JavaThread "C1 CompilerThread0" daemon [_thread_blocked, id=664, stack(0x0000000547600000,0x0000000547700000)]
  0x0000010902c89900 JavaThread "Sweeper thread" daemon [_thread_blocked, id=27224, stack(0x0000000547700000,0x0000000547800000)]
  0x0000010902df6810 JavaThread "Notification Thread" daemon [_thread_blocked, id=28068, stack(0x0000000547800000,0x0000000547900000)]
  0x0000010902df9030 JavaThread "Common-Cleaner" daemon [_thread_blocked, id=10104, stack(0x0000000547a00000,0x0000000547b00000)]
  0x000001090328a080 JavaThread "Java2D Disposer" daemon [_thread_blocked, id=30396, stack(0x0000000547b00000,0x0000000547c00000)]
  0x00000109032b2bf0 JavaThread "AWT-Shutdown" [_thread_blocked, id=35012, stack(0x0000000547c00000,0x0000000547d00000)]
  0x00000109032b7be0 JavaThread "AWT-Windows" daemon [_thread_in_native, id=28276, stack(0x0000000547d00000,0x0000000547e00000)]
  0x000001090d757470 JavaThread "AWT-EventQueue-0" [_thread_in_native, id=37088, stack(0x0000000548a00000,0x0000000548b00000)]
  0x000001090d8a5570 JavaThread "D3D Screen Updater" daemon [_thread_blocked, id=37100, stack(0x0000000548b00000,0x0000000548c00000)]

Other Threads:
  0x0000010902c1faf0 VMThread "VM Thread" [stack: 0x0000000546e00000,0x0000000546f00000] [id=14416]
  0x0000010902df6d30 WatcherThread [stack: 0x0000000547900000,0x0000000547a00000] [id=12336]
  0x00000109614368e0 GCTaskThread "GC Thread#0" [stack: 0x0000000546900000,0x0000000546a00000] [id=36908]
  0x0000010961447770 ConcurrentGCThread "G1 Main Marker" [stack: 0x0000000546a00000,0x0000000546b00000] [id=18456]
  0x0000010961448980 ConcurrentGCThread "G1 Conc#0" [stack: 0x0000000546b00000,0x0000000546c00000] [id=26656]
  0x00000109614bdf30 ConcurrentGCThread "G1 Refine#0" [stack: 0x0000000546c00000,0x0000000546d00000] [id=17108]
  0x00000109614be9b0 ConcurrentGCThread "G1 Service" [stack: 0x0000000546d00000,0x0000000546e00000] [id=20084]

Threads with active compile tasks:
C2 CompilerThread0      907  866       4       java.lang.StringBuilder::append (8 bytes)

VM state: not at safepoint (normal execution)

VM Mutex/Monitor currently owned by a thread: None

Heap address: 0x0000000701a00000, size: 4070 MB, Compressed Oops mode: Zero based, Oop shift amount: 3

CDS disabled.
Compressed class space mapped at: 0x0000000800000000-0x0000000840000000, reserved size: 1073741824
Narrow klass base: 0x0000000800000000, Narrow klass shift: 0, Narrow klass range: 0x40000000

GC Precious Log:
 CPUs: 12 total, 12 available
 Memory: 16278M
 Large Page Support: Disabled
 NUMA Support: Disabled
 Compressed Oops: Enabled (Zero based)
 Heap Region Size: 2M
 Heap Min Capacity: 8M
 Heap Initial Capacity: 256M
 Heap Max Capacity: 4070M
 Pre-touch: Disabled
 Parallel Workers: 10
 Concurrent Workers: 3
 Concurrent Refinement Workers: 10
 Periodic GC: Disabled

Heap:
 garbage-first heap   total 262144K, used 10240K [0x0000000701a00000, 0x0000000800000000)
  region size 2048K, 6 young (12288K), 0 survivors (0K)
 Metaspace       used 16469K, committed 16640K, reserved 1064960K
  class space    used 1741K, committed 1856K, reserved 1048576K

Heap Regions: E=young(eden), S=young(survivor), O=old, HS=humongous(starts), HC=humongous(continues), CS=collection set, F=free, OA=open archive, CA=closed archive, TAMS=top-at-mark-start (previous, next)
|   0|0x0000000701a00000, 0x0000000701a00000, 0x0000000701c00000|  0%| F|  |TAMS 0x0000000701a00000, 0x0000000701a00000| Untracked 
|   1|0x0000000701c00000, 0x0000000701c00000, 0x0000000701e00000|  0%| F|  |TAMS 0x0000000701c00000, 0x0000000701c00000| Untracked 
|   2|0x0000000701e00000, 0x0000000701e00000, 0x0000000702000000|  0%| F|  |TAMS 0x0000000701e00000, 0x0000000701e00000| Untracked 
|   3|0x0000000702000000, 0x0000000702000000, 0x0000000702200000|  0%| F|  |TAMS 0x0000000702000000, 0x0000000702000000| Untracked 
|   4|0x0000000702200000, 0x0000000702200000, 0x0000000702400000|  0%| F|  |TAMS 0x0000000702200000, 0x0000000702200000| Untracked 
|   5|0x0000000702400000, 0x0000000702400000, 0x0000000702600000|  0%| F|  |TAMS 0x0000000702400000, 0x0000000702400000| Untracked 
|   6|0x0000000702600000, 0x0000000702600000, 0x0000000702800000|  0%| F|  |TAMS 0x0000000702600000, 0x0000000702600000| Untracked 
|   7|0x0000000702800000, 0x0000000702800000, 0x0000000702a00000|  0%| F|  |TAMS 0x0000000702800000, 0x0000000702800000| Untracked 
|   8|0x0000000702a00000, 0x0000000702a00000, 0x0000000702c00000|  0%| F|  |TAMS 0x0000000702a00000, 0x0000000702a00000| Untracked 
|   9|0x0000000702c00000, 0x0000000702c00000, 0x0000000702e00000|  0%| F|  |TAMS 0x0000000702c00000, 0x0000000702c00000| Untracked 
|  10|0x0000000702e00000, 0x0000000702e00000, 0x0000000703000000|  0%| F|  |TAMS 0x0000000702e00000, 0x0000000702e00000| Untracked 
|  11|0x0000000703000000, 0x0000000703000000, 0x0000000703200000|  0%| F|  |TAMS 0x0000000703000000, 0x0000000703000000| Untracked 
|  12|0x0000000703200000, 0x0000000703200000, 0x0000000703400000|  0%| F|  |TAMS 0x0000000703200000, 0x0000000703200000| Untracked 
|  13|0x0000000703400000, 0x0000000703400000, 0x0000000703600000|  0%| F|  |TAMS 0x0000000703400000, 0x0000000703400000| Untracked 
|  14|0x0000000703600000, 0x0000000703600000, 0x0000000703800000|  0%| F|  |TAMS 0x0000000703600000, 0x0000000703600000| Untracked 
|  15|0x0000000703800000, 0x0000000703800000, 0x0000000703a00000|  0%| F|  |TAMS 0x0000000703800000, 0x0000000703800000| Untracked 
|  16|0x0000000703a00000, 0x0000000703a00000, 0x0000000703c00000|  0%| F|  |TAMS 0x0000000703a00000, 0x0000000703a00000| Untracked 
|  17|0x0000000703c00000, 0x0000000703c00000, 0x0000000703e00000|  0%| F|  |TAMS 0x0000000703c00000, 0x0000000703c00000| Untracked 
|  18|0x0000000703e00000, 0x0000000703e00000, 0x0000000704000000|  0%| F|  |TAMS 0x0000000703e00000, 0x0000000703e00000| Untracked 
|  19|0x0000000704000000, 0x0000000704000000, 0x0000000704200000|  0%| F|  |TAMS 0x0000000704000000, 0x0000000704000000| Untracked 
|  20|0x0000000704200000, 0x0000000704200000, 0x0000000704400000|  0%| F|  |TAMS 0x0000000704200000, 0x0000000704200000| Untracked 
|  21|0x0000000704400000, 0x0000000704400000, 0x0000000704600000|  0%| F|  |TAMS 0x0000000704400000, 0x0000000704400000| Untracked 
|  22|0x0000000704600000, 0x0000000704600000, 0x0000000704800000|  0%| F|  |TAMS 0x0000000704600000, 0x0000000704600000| Untracked 
|  23|0x0000000704800000, 0x0000000704800000, 0x0000000704a00000|  0%| F|  |TAMS 0x0000000704800000, 0x0000000704800000| Untracked 
|  24|0x0000000704a00000, 0x0000000704a00000, 0x0000000704c00000|  0%| F|  |TAMS 0x0000000704a00000, 0x0000000704a00000| Untracked 
|  25|0x0000000704c00000, 0x0000000704c00000, 0x0000000704e00000|  0%| F|  |TAMS 0x0000000704c00000, 0x0000000704c00000| Untracked 
|  26|0x0000000704e00000, 0x0000000704e00000, 0x0000000705000000|  0%| F|  |TAMS 0x0000000704e00000, 0x0000000704e00000| Untracked 
|  27|0x0000000705000000, 0x0000000705000000, 0x0000000705200000|  0%| F|  |TAMS 0x0000000705000000, 0x0000000705000000| Untracked 
|  28|0x0000000705200000, 0x0000000705200000, 0x0000000705400000|  0%| F|  |TAMS 0x0000000705200000, 0x0000000705200000| Untracked 
|  29|0x0000000705400000, 0x0000000705400000, 0x0000000705600000|  0%| F|  |TAMS 0x0000000705400000, 0x0000000705400000| Untracked 
|  30|0x0000000705600000, 0x0000000705600000, 0x0000000705800000|  0%| F|  |TAMS 0x0000000705600000, 0x0000000705600000| Untracked 
|  31|0x0000000705800000, 0x0000000705800000, 0x0000000705a00000|  0%| F|  |TAMS 0x0000000705800000, 0x0000000705800000| Untracked 
|  32|0x0000000705a00000, 0x0000000705a00000, 0x0000000705c00000|  0%| F|  |TAMS 0x0000000705a00000, 0x0000000705a00000| Untracked 
|  33|0x0000000705c00000, 0x0000000705c00000, 0x0000000705e00000|  0%| F|  |TAMS 0x0000000705c00000, 0x0000000705c00000| Untracked 
|  34|0x0000000705e00000, 0x0000000705e00000, 0x0000000706000000|  0%| F|  |TAMS 0x0000000705e00000, 0x0000000705e00000| Untracked 
|  35|0x0000000706000000, 0x0000000706000000, 0x0000000706200000|  0%| F|  |TAMS 0x0000000706000000, 0x0000000706000000| Untracked 
|  36|0x0000000706200000, 0x0000000706200000, 0x0000000706400000|  0%| F|  |TAMS 0x0000000706200000, 0x0000000706200000| Untracked 
|  37|0x0000000706400000, 0x0000000706400000, 0x0000000706600000|  0%| F|  |TAMS 0x0000000706400000, 0x0000000706400000| Untracked 
|  38|0x0000000706600000, 0x0000000706600000, 0x0000000706800000|  0%| F|  |TAMS 0x0000000706600000, 0x0000000706600000| Untracked 
|  39|0x0000000706800000, 0x0000000706800000, 0x0000000706a00000|  0%| F|  |TAMS 0x0000000706800000, 0x0000000706800000| Untracked 
|  40|0x0000000706a00000, 0x0000000706a00000, 0x0000000706c00000|  0%| F|  |TAMS 0x0000000706a00000, 0x0000000706a00000| Untracked 
|  41|0x0000000706c00000, 0x0000000706c00000, 0x0000000706e00000|  0%| F|  |TAMS 0x0000000706c00000, 0x0000000706c00000| Untracked 
|  42|0x0000000706e00000, 0x0000000706e00000, 0x0000000707000000|  0%| F|  |TAMS 0x0000000706e00000, 0x0000000706e00000| Untracked 
|  43|0x0000000707000000, 0x0000000707000000, 0x0000000707200000|  0%| F|  |TAMS 0x0000000707000000, 0x0000000707000000| Untracked 
|  44|0x0000000707200000, 0x0000000707200000, 0x0000000707400000|  0%| F|  |TAMS 0x0000000707200000, 0x0000000707200000| Untracked 
|  45|0x0000000707400000, 0x0000000707400000, 0x0000000707600000|  0%| F|  |TAMS 0x0000000707400000, 0x0000000707400000| Untracked 
|  46|0x0000000707600000, 0x0000000707600000, 0x0000000707800000|  0%| F|  |TAMS 0x0000000707600000, 0x0000000707600000| Untracked 
|  47|0x0000000707800000, 0x0000000707800000, 0x0000000707a00000|  0%| F|  |TAMS 0x0000000707800000, 0x0000000707800000| Untracked 
|  48|0x0000000707a00000, 0x0000000707a00000, 0x0000000707c00000|  0%| F|  |TAMS 0x0000000707a00000, 0x0000000707a00000| Untracked 
|  49|0x0000000707c00000, 0x0000000707c00000, 0x0000000707e00000|  0%| F|  |TAMS 0x0000000707c00000, 0x0000000707c00000| Untracked 
|  50|0x0000000707e00000, 0x0000000707e00000, 0x0000000708000000|  0%| F|  |TAMS 0x0000000707e00000, 0x0000000707e00000| Untracked 
|  51|0x0000000708000000, 0x0000000708000000, 0x0000000708200000|  0%| F|  |TAMS 0x0000000708000000, 0x0000000708000000| Untracked 
|  52|0x0000000708200000, 0x0000000708200000, 0x0000000708400000|  0%| F|  |TAMS 0x0000000708200000, 0x0000000708200000| Untracked 
|  53|0x0000000708400000, 0x0000000708400000, 0x0000000708600000|  0%| F|  |TAMS 0x0000000708400000, 0x0000000708400000| Untracked 
|  54|0x0000000708600000, 0x0000000708600000, 0x0000000708800000|  0%| F|  |TAMS 0x0000000708600000, 0x0000000708600000| Untracked 
|  55|0x0000000708800000, 0x0000000708800000, 0x0000000708a00000|  0%| F|  |TAMS 0x0000000708800000, 0x0000000708800000| Untracked 
|  56|0x0000000708a00000, 0x0000000708a00000, 0x0000000708c00000|  0%| F|  |TAMS 0x0000000708a00000, 0x0000000708a00000| Untracked 
|  57|0x0000000708c00000, 0x0000000708c00000, 0x0000000708e00000|  0%| F|  |TAMS 0x0000000708c00000, 0x0000000708c00000| Untracked 
|  58|0x0000000708e00000, 0x0000000708e00000, 0x0000000709000000|  0%| F|  |TAMS 0x0000000708e00000, 0x0000000708e00000| Untracked 
|  59|0x0000000709000000, 0x0000000709000000, 0x0000000709200000|  0%| F|  |TAMS 0x0000000709000000, 0x0000000709000000| Untracked 
|  60|0x0000000709200000, 0x0000000709200000, 0x0000000709400000|  0%| F|  |TAMS 0x0000000709200000, 0x0000000709200000| Untracked 
|  61|0x0000000709400000, 0x0000000709400000, 0x0000000709600000|  0%| F|  |TAMS 0x0000000709400000, 0x0000000709400000| Untracked 
|  62|0x0000000709600000, 0x0000000709600000, 0x0000000709800000|  0%| F|  |TAMS 0x0000000709600000, 0x0000000709600000| Untracked 
|  63|0x0000000709800000, 0x0000000709800000, 0x0000000709a00000|  0%| F|  |TAMS 0x0000000709800000, 0x0000000709800000| Untracked 
|  64|0x0000000709a00000, 0x0000000709a00000, 0x0000000709c00000|  0%| F|  |TAMS 0x0000000709a00000, 0x0000000709a00000| Untracked 
|  65|0x0000000709c00000, 0x0000000709c00000, 0x0000000709e00000|  0%| F|  |TAMS 0x0000000709c00000, 0x0000000709c00000| Untracked 
|  66|0x0000000709e00000, 0x0000000709e00000, 0x000000070a000000|  0%| F|  |TAMS 0x0000000709e00000, 0x0000000709e00000| Untracked 
|  67|0x000000070a000000, 0x000000070a000000, 0x000000070a200000|  0%| F|  |TAMS 0x000000070a000000, 0x000000070a000000| Untracked 
|  68|0x000000070a200000, 0x000000070a200000, 0x000000070a400000|  0%| F|  |TAMS 0x000000070a200000, 0x000000070a200000| Untracked 
|  69|0x000000070a400000, 0x000000070a400000, 0x000000070a600000|  0%| F|  |TAMS 0x000000070a400000, 0x000000070a400000| Untracked 
|  70|0x000000070a600000, 0x000000070a600000, 0x000000070a800000|  0%| F|  |TAMS 0x000000070a600000, 0x000000070a600000| Untracked 
|  71|0x000000070a800000, 0x000000070a800000, 0x000000070aa00000|  0%| F|  |TAMS 0x000000070a800000, 0x000000070a800000| Untracked 
|  72|0x000000070aa00000, 0x000000070aa00000, 0x000000070ac00000|  0%| F|  |TAMS 0x000000070aa00000, 0x000000070aa00000| Untracked 
|  73|0x000000070ac00000, 0x000000070ac00000, 0x000000070ae00000|  0%| F|  |TAMS 0x000000070ac00000, 0x000000070ac00000| Untracked 
|  74|0x000000070ae00000, 0x000000070ae00000, 0x000000070b000000|  0%| F|  |TAMS 0x000000070ae00000, 0x000000070ae00000| Untracked 
|  75|0x000000070b000000, 0x000000070b000000, 0x000000070b200000|  0%| F|  |TAMS 0x000000070b000000, 0x000000070b000000| Untracked 
|  76|0x000000070b200000, 0x000000070b200000, 0x000000070b400000|  0%| F|  |TAMS 0x000000070b200000, 0x000000070b200000| Untracked 
|  77|0x000000070b400000, 0x000000070b400000, 0x000000070b600000|  0%| F|  |TAMS 0x000000070b400000, 0x000000070b400000| Untracked 
|  78|0x000000070b600000, 0x000000070b600000, 0x000000070b800000|  0%| F|  |TAMS 0x000000070b600000, 0x000000070b600000| Untracked 
|  79|0x000000070b800000, 0x000000070b800000, 0x000000070ba00000|  0%| F|  |TAMS 0x000000070b800000, 0x000000070b800000| Untracked 
|  80|0x000000070ba00000, 0x000000070ba00000, 0x000000070bc00000|  0%| F|  |TAMS 0x000000070ba00000, 0x000000070ba00000| Untracked 
|  81|0x000000070bc00000, 0x000000070bc00000, 0x000000070be00000|  0%| F|  |TAMS 0x000000070bc00000, 0x000000070bc00000| Untracked 
|  82|0x000000070be00000, 0x000000070be00000, 0x000000070c000000|  0%| F|  |TAMS 0x000000070be00000, 0x000000070be00000| Untracked 
|  83|0x000000070c000000, 0x000000070c000000, 0x000000070c200000|  0%| F|  |TAMS 0x000000070c000000, 0x000000070c000000| Untracked 
|  84|0x000000070c200000, 0x000000070c200000, 0x000000070c400000|  0%| F|  |TAMS 0x000000070c200000, 0x000000070c200000| Untracked 
|  85|0x000000070c400000, 0x000000070c400000, 0x000000070c600000|  0%| F|  |TAMS 0x000000070c400000, 0x000000070c400000| Untracked 
|  86|0x000000070c600000, 0x000000070c600000, 0x000000070c800000|  0%| F|  |TAMS 0x000000070c600000, 0x000000070c600000| Untracked 
|  87|0x000000070c800000, 0x000000070c800000, 0x000000070ca00000|  0%| F|  |TAMS 0x000000070c800000, 0x000000070c800000| Untracked 
|  88|0x000000070ca00000, 0x000000070ca00000, 0x000000070cc00000|  0%| F|  |TAMS 0x000000070ca00000, 0x000000070ca00000| Untracked 
|  89|0x000000070cc00000, 0x000000070cc00000, 0x000000070ce00000|  0%| F|  |TAMS 0x000000070cc00000, 0x000000070cc00000| Untracked 
|  90|0x000000070ce00000, 0x000000070ce00000, 0x000000070d000000|  0%| F|  |TAMS 0x000000070ce00000, 0x000000070ce00000| Untracked 
|  91|0x000000070d000000, 0x000000070d000000, 0x000000070d200000|  0%| F|  |TAMS 0x000000070d000000, 0x000000070d000000| Untracked 
|  92|0x000000070d200000, 0x000000070d200000, 0x000000070d400000|  0%| F|  |TAMS 0x000000070d200000, 0x000000070d200000| Untracked 
|  93|0x000000070d400000, 0x000000070d400000, 0x000000070d600000|  0%| F|  |TAMS 0x000000070d400000, 0x000000070d400000| Untracked 
|  94|0x000000070d600000, 0x000000070d600000, 0x000000070d800000|  0%| F|  |TAMS 0x000000070d600000, 0x000000070d600000| Untracked 
|  95|0x000000070d800000, 0x000000070d800000, 0x000000070da00000|  0%| F|  |TAMS 0x000000070d800000, 0x000000070d800000| Untracked 
|  96|0x000000070da00000, 0x000000070da00000, 0x000000070dc00000|  0%| F|  |TAMS 0x000000070da00000, 0x000000070da00000| Untracked 
|  97|0x000000070dc00000, 0x000000070dc00000, 0x000000070de00000|  0%| F|  |TAMS 0x000000070dc00000, 0x000000070dc00000| Untracked 
|  98|0x000000070de00000, 0x000000070de00000, 0x000000070e000000|  0%| F|  |TAMS 0x000000070de00000, 0x000000070de00000| Untracked 
|  99|0x000000070e000000, 0x000000070e000000, 0x000000070e200000|  0%| F|  |TAMS 0x000000070e000000, 0x000000070e000000| Untracked 
| 100|0x000000070e200000, 0x000000070e200000, 0x000000070e400000|  0%| F|  |TAMS 0x000000070e200000, 0x000000070e200000| Untracked 
| 101|0x000000070e400000, 0x000000070e400000, 0x000000070e600000|  0%| F|  |TAMS 0x000000070e400000, 0x000000070e400000| Untracked 
| 102|0x000000070e600000, 0x000000070e600000, 0x000000070e800000|  0%| F|  |TAMS 0x000000070e600000, 0x000000070e600000| Untracked 
| 103|0x000000070e800000, 0x000000070e800000, 0x000000070ea00000|  0%| F|  |TAMS 0x000000070e800000, 0x000000070e800000| Untracked 
| 104|0x000000070ea00000, 0x000000070ea00000, 0x000000070ec00000|  0%| F|  |TAMS 0x000000070ea00000, 0x000000070ea00000| Untracked 
| 105|0x000000070ec00000, 0x000000070ec00000, 0x000000070ee00000|  0%| F|  |TAMS 0x000000070ec00000, 0x000000070ec00000| Untracked 
| 106|0x000000070ee00000, 0x000000070ee00000, 0x000000070f000000|  0%| F|  |TAMS 0x000000070ee00000, 0x000000070ee00000| Untracked 
| 107|0x000000070f000000, 0x000000070f000000, 0x000000070f200000|  0%| F|  |TAMS 0x000000070f000000, 0x000000070f000000| Untracked 
| 108|0x000000070f200000, 0x000000070f200000, 0x000000070f400000|  0%| F|  |TAMS 0x000000070f200000, 0x000000070f200000| Untracked 
| 109|0x000000070f400000, 0x000000070f400000, 0x000000070f600000|  0%| F|  |TAMS 0x000000070f400000, 0x000000070f400000| Untracked 
| 110|0x000000070f600000, 0x000000070f600000, 0x000000070f800000|  0%| F|  |TAMS 0x000000070f600000, 0x000000070f600000| Untracked 
| 111|0x000000070f800000, 0x000000070f800000, 0x000000070fa00000|  0%| F|  |TAMS 0x000000070f800000, 0x000000070f800000| Untracked 
| 112|0x000000070fa00000, 0x000000070fa00000, 0x000000070fc00000|  0%| F|  |TAMS 0x000000070fa00000, 0x000000070fa00000| Untracked 
| 113|0x000000070fc00000, 0x000000070fc00000, 0x000000070fe00000|  0%| F|  |TAMS 0x000000070fc00000, 0x000000070fc00000| Untracked 
| 114|0x000000070fe00000, 0x000000070fe00000, 0x0000000710000000|  0%| F|  |TAMS 0x000000070fe00000, 0x000000070fe00000| Untracked 
| 115|0x0000000710000000, 0x0000000710000000, 0x0000000710200000|  0%| F|  |TAMS 0x0000000710000000, 0x0000000710000000| Untracked 
| 116|0x0000000710200000, 0x0000000710200000, 0x0000000710400000|  0%| F|  |TAMS 0x0000000710200000, 0x0000000710200000| Untracked 
| 117|0x0000000710400000, 0x0000000710400000, 0x0000000710600000|  0%| F|  |TAMS 0x0000000710400000, 0x0000000710400000| Untracked 
| 118|0x0000000710600000, 0x0000000710600000, 0x0000000710800000|  0%| F|  |TAMS 0x0000000710600000, 0x0000000710600000| Untracked 
| 119|0x0000000710800000, 0x0000000710800000, 0x0000000710a00000|  0%| F|  |TAMS 0x0000000710800000, 0x0000000710800000| Untracked 
| 120|0x0000000710a00000, 0x0000000710a00000, 0x0000000710c00000|  0%| F|  |TAMS 0x0000000710a00000, 0x0000000710a00000| Untracked 
| 121|0x0000000710c00000, 0x0000000710c00000, 0x0000000710e00000|  0%| F|  |TAMS 0x0000000710c00000, 0x0000000710c00000| Untracked 
| 122|0x0000000710e00000, 0x0000000710fc3ad8, 0x0000000711000000| 88%| E|  |TAMS 0x0000000710e00000, 0x0000000710e00000| Complete 
| 123|0x0000000711000000, 0x0000000711200000, 0x0000000711200000|100%| E|CS|TAMS 0x0000000711000000, 0x0000000711000000| Complete 
| 124|0x0000000711200000, 0x0000000711400000, 0x0000000711400000|100%| E|CS|TAMS 0x0000000711200000, 0x0000000711200000| Complete 
| 125|0x0000000711400000, 0x0000000711600000, 0x0000000711600000|100%| E|CS|TAMS 0x0000000711400000, 0x0000000711400000| Complete 
| 126|0x0000000711600000, 0x0000000711800000, 0x0000000711800000|100%| E|CS|TAMS 0x0000000711600000, 0x0000000711600000| Complete 
| 127|0x0000000711800000, 0x0000000711a00000, 0x0000000711a00000|100%| E|CS|TAMS 0x0000000711800000, 0x0000000711800000| Complete 

Card table byte_map: [0x00000109765d0000,0x0000010976dd0000] _byte_map_base: 0x0000010972dc3000

Marking Bits (Prev, Next): (CMBitMap*) 0x0000010961436f50, (CMBitMap*) 0x0000010961436f90
 Prev Bits: [0x00000109775d0000, 0x000001097b568000)
 Next Bits: [0x000001097b570000, 0x000001097f508000)

Polling page: 0x00000109614c0000

Metaspace:

Usage:
  Non-class:     14.38 MB used.
      Class:      1.70 MB used.
       Both:     16.08 MB used.

Virtual space:
  Non-class space:       16.00 MB reserved,      14.44 MB ( 90%) committed,  2 nodes.
      Class space:        1.00 GB reserved,       1.81 MB ( <1%) committed,  1 nodes.
              Both:        1.02 GB reserved,      16.25 MB (  2%) committed. 

Chunk freelists:
   Non-Class:  832.00 KB
       Class:  2.11 MB
        Both:  2.92 MB

MaxMetaspaceSize: 17179869184.00 GB
CompressedClassSpaceSize: 1.00 GB
 - commit_granule_bytes: 65536.
 - commit_granule_words: 8192.
 - virtual_space_node_default_size: 1048576.
 - enlarge_chunks_in_place: 1.
 - new_chunks_are_fully_committed: 0.
 - uncommit_free_chunks: 1.
 - use_allocation_guard: 0.
 - handle_deallocations: 1.


Internal statistics:

num_allocs_failed_limit: 0.
num_arena_births: 112.
num_arena_deaths: 0.
num_vsnodes_births: 3.
num_vsnodes_deaths: 0.
num_space_committed: 260.
num_space_uncommitted: 0.
num_chunks_returned_to_freelist: 0.
num_chunks_taken_from_freelist: 213.
num_chunk_merges: 0.
num_chunk_splits: 121.
num_chunks_enlarged: 74.
num_purges: 0.

CodeHeap 'non-profiled nmethods': size=120000Kb used=248Kb max_used=248Kb free=119751Kb
 bounds [0x000001096dc00000, 0x000001096de70000, 0x0000010975130000]
CodeHeap 'profiled nmethods': size=120000Kb used=1431Kb max_used=1431Kb free=118568Kb
 bounds [0x00000109666d0000, 0x0000010966940000, 0x000001096dc00000]
CodeHeap 'non-nmethods': size=5760Kb used=1267Kb max_used=1284Kb free=4492Kb
 bounds [0x0000010966130000, 0x00000109663a0000, 0x00000109666d0000]
 total_blobs=1468 nmethods=882 adapters=499
 compilation: enabled
              stopped_count=0, restarted_count=0
 full_count=0

Compilation events (20 events):
Event: 0.794 Thread 0x0000010902c6e4a0 nmethod 828% 0x000001096dc3b710 code [0x000001096dc3b8a0, 0x000001096dc3bef8]
Event: 0.794 Thread 0x0000010902c7aab0 nmethod 854 0x0000010966818890 code [0x0000010966818bc0, 0x000001096681a058]
Event: 0.794 Thread 0x0000010902c7aab0  859       3       java.net.URLStreamHandler::setURL (73 bytes)
Event: 0.795 Thread 0x0000010902c7aab0 nmethod 859 0x000001096681a790 code [0x000001096681aa80, 0x000001096681b918]
Event: 0.796 Thread 0x0000010902c7aab0  860   !   3       java.net.URL::set (114 bytes)
Event: 0.796 Thread 0x0000010902c7aab0 nmethod 860 0x000001096681be90 code [0x000001096681c0e0, 0x000001096681cbd8]
Event: 0.797 Thread 0x0000010902c7aab0  861       3       java.lang.String::indexOf (18 bytes)
Event: 0.797 Thread 0x0000010902c7aab0 nmethod 861 0x000001096681cf90 code [0x000001096681d160, 0x000001096681d428]
Event: 0.797 Thread 0x0000010902c7aab0  862       3       java.lang.String::indexOf (113 bytes)
Event: 0.798 Thread 0x0000010902c7aab0 nmethod 862 0x000001096681d590 code [0x000001096681d7c0, 0x000001096681dde8]
Event: 0.800 Thread 0x0000010902c6e4a0  865       4       java.lang.AbstractStringBuilder::putStringAt (12 bytes)
Event: 0.802 Thread 0x0000010902c7aab0  867       3       java.util.ArrayDeque::elementAt (4 bytes)
Event: 0.802 Thread 0x0000010902c7aab0 nmethod 867 0x000001096681df90 code [0x000001096681e120, 0x000001096681e238]
Event: 0.802 Thread 0x0000010902c7aab0  868       3       sun.net.www.protocol.file.Handler::parseURL (18 bytes)
Event: 0.803 Thread 0x0000010902c7aab0 nmethod 868 0x000001096681e310 code [0x000001096681e4c0, 0x000001096681e678]
Event: 0.803 Thread 0x0000010902c7aab0  869       3       java.net.URLStreamHandler::parseURL (1201 bytes)
Event: 0.805 Thread 0x0000010902c6e4a0 nmethod 865 0x000001096dc3c490 code [0x000001096dc3c620, 0x000001096dc3c7d8]
Event: 0.806 Thread 0x0000010902c6e4a0  864       4       java.lang.AbstractStringBuilder::append (45 bytes)
Event: 0.815 Thread 0x0000010902c6e4a0 nmethod 864 0x000001096dc3ce90 code [0x000001096dc3d040, 0x000001096dc3d6c8]
Event: 0.816 Thread 0x0000010902c6e4a0  866       4       java.lang.StringBuilder::append (8 bytes)

GC Heap History (0 events):
No events

Deoptimization events (18 events):
Event: 0.152 Thread 0x00000109613e44d0 DEOPT PACKING pc=0x00000109666f14c6 sp=0x00000005468fc670
Event: 0.152 Thread 0x00000109613e44d0 DEOPT UNPACKING pc=0x000001096617dece sp=0x00000005468fbb90 mode 0
Event: 0.152 Thread 0x00000109613e44d0 DEOPT PACKING pc=0x00000109666f14c6 sp=0x00000005468fc670
Event: 0.152 Thread 0x00000109613e44d0 DEOPT UNPACKING pc=0x000001096617dece sp=0x00000005468fbb90 mode 0
Event: 0.152 Thread 0x00000109613e44d0 DEOPT PACKING pc=0x00000109666f14c6 sp=0x00000005468fc670
Event: 0.152 Thread 0x00000109613e44d0 DEOPT UNPACKING pc=0x000001096617dece sp=0x00000005468fbb90 mode 0
Event: 0.153 Thread 0x00000109613e44d0 DEOPT PACKING pc=0x00000109666f14c6 sp=0x00000005468fc670
Event: 0.153 Thread 0x00000109613e44d0 DEOPT UNPACKING pc=0x000001096617dece sp=0x00000005468fbb90 mode 0
Event: 0.153 Thread 0x00000109613e44d0 DEOPT PACKING pc=0x00000109666f14c6 sp=0x00000005468fc670
Event: 0.153 Thread 0x00000109613e44d0 DEOPT UNPACKING pc=0x000001096617dece sp=0x00000005468fbb90 mode 0
Event: 0.408 Thread 0x00000109613e44d0 DEOPT PACKING pc=0x00000109666e7867 sp=0x00000005468fcd30
Event: 0.408 Thread 0x00000109613e44d0 DEOPT UNPACKING pc=0x000001096617dece sp=0x00000005468fc150 mode 0
Event: 0.443 Thread 0x00000109613e44d0 DEOPT PACKING pc=0x00000109666d73d1 sp=0x00000005468fe600
Event: 0.443 Thread 0x00000109613e44d0 DEOPT UNPACKING pc=0x000001096617dece sp=0x00000005468fda78 mode 0
Event: 0.744 Thread 0x00000109613e44d0 DEOPT PACKING pc=0x0000010966789de5 sp=0x00000005468f95c0
Event: 0.744 Thread 0x00000109613e44d0 DEOPT UNPACKING pc=0x000001096617dece sp=0x00000005468f8a38 mode 0
Event: 0.766 Thread 0x00000109613e44d0 DEOPT PACKING pc=0x0000010966789de5 sp=0x00000005468fa7e0
Event: 0.766 Thread 0x00000109613e44d0 DEOPT UNPACKING pc=0x000001096617dece sp=0x00000005468f9c58 mode 0

Classes unloaded (0 events):
No events

Classes redefined (0 events):
No events

Internal exceptions (13 events):
Event: 0.112 Thread 0x00000109613e44d0 Exception <a 'java/lang/NoSuchMethodError'{0x00000007119191c8}: 'void java.lang.invoke.DirectMethodHandle$Holder.invokeSpecial(java.lang.Object, java.lang.Object, java.lang.Object)'> (0x00000007119191c8) 
thrown [t:\workspace\open\src\hotspot\share\interpreter\linkResolver.cpp, line 790]
Event: 0.158 Thread 0x00000109613e44d0 Exception <a 'java/lang/ClassNotFoundException'{0x000000071163fa98}: sun/awt/resources/spi/awtProvider> (0x000000071163fa98) 
thrown [t:\workspace\open\src\hotspot\share\classfile\systemDictionary.cpp, line 256]
Event: 0.185 Thread 0x00000109613e44d0 Exception <a 'java/io/FileNotFoundException'{0x000000071169b190}> (0x000000071169b190) 
thrown [t:\workspace\open\src\hotspot\share\prims\jni.cpp, line 579]
Event: 0.190 Thread 0x00000109613e44d0 Exception <a 'java/io/FileNotFoundException'{0x00000007116c9ac0}> (0x00000007116c9ac0) 
thrown [t:\workspace\open\src\hotspot\share\prims\jni.cpp, line 579]
Event: 0.190 Thread 0x00000109613e44d0 Exception <a 'java/lang/NoSuchMethodError'{0x00000007116cadf8}: 'java.lang.Object java.lang.invoke.DirectMethodHandle$Holder.invokeStatic(java.lang.Object)'> (0x00000007116cadf8) 
thrown [t:\workspace\open\src\hotspot\share\interpreter\linkResolver.cpp, line 790]
Event: 0.234 Thread 0x00000109613e44d0 Exception <a 'java/lang/NoSuchMethodError'{0x0000000711716560}: 'java.lang.Object java.lang.invoke.DirectMethodHandle$Holder.invokeStaticInit(java.lang.Object)'> (0x0000000711716560) 
thrown [t:\workspace\open\src\hotspot\share\interpreter\linkResolver.cpp, line 790]
Event: 0.400 Thread 0x00000109613e44d0 Exception <a 'java/lang/NoSuchMethodError'{0x00000007117f8c18}: 'java.lang.Object java.lang.invoke.DirectMethodHandle$Holder.newInvokeSpecial(java.lang.Object, java.lang.Object, java.lang.Object, java.lang.Object, java.lang.Object)'> (0x00000007117f8c18) 
thrown [t:\workspace\open\src\hotspot\share\interpreter\linkResolver.cpp, line 790]
Event: 0.403 Thread 0x00000109613e44d0 Exception <a 'java/lang/NoSuchMethodError'{0x0000000711404fe8}: 'java.lang.Object java.lang.invoke.DirectMethodHandle$Holder.invokeStatic(java.lang.Object, int, java.lang.Object, java.lang.Object, java.lang.Object, java.lang.Object)'> (0x0000000711404fe8) 
thrown [t:\workspace\open\src\hotspot\share\interpreter\linkResolver.cpp, line 790]
Event: 0.408 Thread 0x00000109613e44d0 Exception <a 'java/lang/NoSuchMethodError'{0x000000071142b0b0}: 'java.lang.Object java.lang.invoke.DirectMethodHandle$Holder.invokeStatic(java.lang.Object, int, java.lang.Object)'> (0x000000071142b0b0) 
thrown [t:\workspace\open\src\hotspot\share\interpreter\linkResolver.cpp, line 790]
Event: 0.443 Thread 0x00000109613e44d0 Exception <a 'java/lang/ClassNotFoundException'{0x00000007114e3130}: com/sun/swing/internal/plaf/metal/resources/spi/metalProvider> (0x00000007114e3130) 
thrown [t:\workspace\open\src\hotspot\share\classfile\systemDictionary.cpp, line 256]
Event: 0.443 Thread 0x00000109613e44d0 Exception <a 'java/lang/ClassNotFoundException'{0x00000007114e73f0}: com/sun/swing/internal/plaf/basic/resources/spi/basicProvider> (0x00000007114e73f0) 
thrown [t:\workspace\open\src\hotspot\share\classfile\systemDictionary.cpp, line 256]
Event: 0.541 Thread 0x00000109032b7be0 Exception <a 'java/lang/NoSuchMethodError'{0x0000000711762540}: 'void java.lang.invoke.DirectMethodHandle$Holder.invokeVirtual(java.lang.Object, java.lang.Object)'> (0x0000000711762540) 
thrown [t:\workspace\open\src\hotspot\share\interpreter\linkResolver.cpp, line 790]
Event: 0.557 Thread 0x00000109613e44d0 Exception <a 'java/lang/NoSuchMethodError'{0x0000000711238808}: 'void java.lang.invoke.DirectMethodHandle$Holder.invokeStaticInit(java.lang.Object)'> (0x0000000711238808) 
thrown [t:\workspace\open\src\hotspot\share\interpreter\linkResolver.cpp, line 790]

Events (20 events):
Event: 0.782 loading class sun/java2d/marlin/DHelpers
Event: 0.782 loading class sun/java2d/marlin/DHelpers done
Event: 0.782 loading class java/lang/FdLibm$Cbrt
Event: 0.782 loading class java/lang/FdLibm$Cbrt done
Event: 0.783 loading class java/lang/FdLibm
Event: 0.783 loading class java/lang/FdLibm done
Event: 0.784 loading class sun/java2d/marlin/ArrayCacheConst
Event: 0.784 loading class sun/java2d/marlin/ArrayCacheConst done
Event: 0.789 loading class org/w3c/dom/TypeInfo
Event: 0.789 loading class org/w3c/dom/TypeInfo done
Event: 0.789 loading class org/w3c/dom/NamedNodeMap
Event: 0.789 loading class org/w3c/dom/NamedNodeMap done
Event: 0.811 loading class java/awt/geom/NoninvertibleTransformException
Event: 0.811 loading class java/awt/geom/NoninvertibleTransformException done
Event: 0.811 loading class java/awt/image/BufferedImage
Event: 0.812 loading class java/awt/image/WritableRenderedImage
Event: 0.812 loading class java/awt/image/RenderedImage
Event: 0.812 loading class java/awt/image/RenderedImage done
Event: 0.812 loading class java/awt/image/WritableRenderedImage done
Event: 0.814 loading class java/awt/image/BufferedImage done


Dynamic libraries:
0x00007ff61d350000 - 0x00007ff61d35e000 	D:\sts-4.11.1.RELEASE\plugins\org.eclipse.justj.openjdk.hotspot.jre.full.win32.x86_64_16.0.2.v20210721-1149\jre\bin\javaw.exe
0x00007ffe00ab0000 - 0x00007ffe00ca8000 	C:\WINDOWS\SYSTEM32\ntdll.dll
0x00007ffe002f0000 - 0x00007ffe003ad000 	C:\WINDOWS\System32\KERNEL32.DLL
0x00007ffdfe3e0000 - 0x00007ffdfe6d6000 	C:\WINDOWS\System32\KERNELBASE.dll
0x00007ffdfe920000 - 0x00007ffdfea20000 	C:\WINDOWS\System32\ucrtbase.dll
0x00007ffde1370000 - 0x00007ffde1388000 	D:\sts-4.11.1.RELEASE\plugins\org.eclipse.justj.openjdk.hotspot.jre.full.win32.x86_64_16.0.2.v20210721-1149\jre\bin\jli.dll
0x00007ffddbad0000 - 0x00007ffddbae9000 	D:\sts-4.11.1.RELEASE\plugins\org.eclipse.justj.openjdk.hotspot.jre.full.win32.x86_64_16.0.2.v20210721-1149\jre\bin\VCRUNTIME140.dll
0x00007ffdfeb40000 - 0x00007ffdfecdf000 	C:\WINDOWS\System32\USER32.dll
0x00007ffde6c50000 - 0x00007ffde6eea000 	C:\WINDOWS\WinSxS\amd64_microsoft.windows.common-controls_6595b64144ccf1df_6.0.19041.4355_none_60b8b9eb71f62e16\COMCTL32.dll
0x00007ffdfea20000 - 0x00007ffdfea42000 	C:\WINDOWS\System32\win32u.dll
0x00007ffdfed20000 - 0x00007ffdfedbe000 	C:\WINDOWS\System32\msvcrt.dll
0x00007ffe00260000 - 0x00007ffe0028b000 	C:\WINDOWS\System32\GDI32.dll
0x00007ffdfe250000 - 0x00007ffdfe367000 	C:\WINDOWS\System32\gdi32full.dll
0x00007ffdfe160000 - 0x00007ffdfe1fd000 	C:\WINDOWS\System32\msvcp_win.dll
0x00007ffdfece0000 - 0x00007ffdfed12000 	C:\WINDOWS\System32\IMM32.DLL
0x00007ffddbac0000 - 0x00007ffddbacc000 	D:\sts-4.11.1.RELEASE\plugins\org.eclipse.justj.openjdk.hotspot.jre.full.win32.x86_64_16.0.2.v20210721-1149\jre\bin\vcruntime140_1.dll
0x00007ffd46be0000 - 0x00007ffd46c71000 	D:\sts-4.11.1.RELEASE\plugins\org.eclipse.justj.openjdk.hotspot.jre.full.win32.x86_64_16.0.2.v20210721-1149\jre\bin\msvcp140.dll
0x00007ffd7de10000 - 0x00007ffd7e9bb000 	D:\sts-4.11.1.RELEASE\plugins\org.eclipse.justj.openjdk.hotspot.jre.full.win32.x86_64_16.0.2.v20210721-1149\jre\bin\server\jvm.dll
0x00007ffe001b0000 - 0x00007ffe00260000 	C:\WINDOWS\System32\ADVAPI32.dll
0x00007ffe00820000 - 0x00007ffe008c0000 	C:\WINDOWS\System32\sechost.dll
0x00007ffdff7c0000 - 0x00007ffdff8e3000 	C:\WINDOWS\System32\RPCRT4.dll
0x00007ffdfe8f0000 - 0x00007ffdfe917000 	C:\WINDOWS\System32\bcrypt.dll
0x00007ffdff5c0000 - 0x00007ffdff5c8000 	C:\WINDOWS\System32\PSAPI.DLL
0x00007ffde94f0000 - 0x00007ffde94f9000 	C:\WINDOWS\SYSTEM32\WSOCK32.dll
0x00007ffdf0d70000 - 0x00007ffdf0d7a000 	C:\WINDOWS\SYSTEM32\VERSION.dll
0x00007ffdf0d40000 - 0x00007ffdf0d67000 	C:\WINDOWS\SYSTEM32\WINMM.dll
0x00007ffdff8f0000 - 0x00007ffdff95b000 	C:\WINDOWS\System32\WS2_32.dll
0x00007ffdfbfa0000 - 0x00007ffdfbfb2000 	C:\WINDOWS\SYSTEM32\kernel.appcore.dll
0x00007ffdf2960000 - 0x00007ffdf296a000 	D:\sts-4.11.1.RELEASE\plugins\org.eclipse.justj.openjdk.hotspot.jre.full.win32.x86_64_16.0.2.v20210721-1149\jre\bin\jimage.dll
0x00007ffdf6ec0000 - 0x00007ffdf70a4000 	C:\WINDOWS\SYSTEM32\DBGHELP.DLL
0x00007ffdf1730000 - 0x00007ffdf1764000 	C:\WINDOWS\SYSTEM32\dbgcore.DLL
0x00007ffdfea50000 - 0x00007ffdfead2000 	C:\WINDOWS\System32\bcryptPrimitives.dll
0x00007ffdaa5c0000 - 0x00007ffdaa5e5000 	D:\sts-4.11.1.RELEASE\plugins\org.eclipse.justj.openjdk.hotspot.jre.full.win32.x86_64_16.0.2.v20210721-1149\jre\bin\java.dll
0x00007ffdd7710000 - 0x00007ffdd7728000 	D:\sts-4.11.1.RELEASE\plugins\org.eclipse.justj.openjdk.hotspot.jre.full.win32.x86_64_16.0.2.v20210721-1149\jre\bin\zip.dll
0x00007ffdffa40000 - 0x00007ffe001ab000 	C:\WINDOWS\System32\SHELL32.dll
0x00007ffdfc1a0000 - 0x00007ffdfc93d000 	C:\WINDOWS\SYSTEM32\windows.storage.dll
0x00007ffdfefc0000 - 0x00007ffdff313000 	C:\WINDOWS\System32\combase.dll
0x00007ffdfda90000 - 0x00007ffdfdabe000 	C:\WINDOWS\SYSTEM32\Wldp.dll
0x00007ffdfedc0000 - 0x00007ffdfee8d000 	C:\WINDOWS\System32\OLEAUT32.dll
0x00007ffdff3b0000 - 0x00007ffdff45d000 	C:\WINDOWS\System32\SHCORE.dll
0x00007ffe00290000 - 0x00007ffe002e5000 	C:\WINDOWS\System32\shlwapi.dll
0x00007ffdfe090000 - 0x00007ffdfe0b4000 	C:\WINDOWS\SYSTEM32\profapi.dll
0x00007ffdced50000 - 0x00007ffdced69000 	D:\sts-4.11.1.RELEASE\plugins\org.eclipse.justj.openjdk.hotspot.jre.full.win32.x86_64_16.0.2.v20210721-1149\jre\bin\net.dll
0x00007ffdf5900000 - 0x00007ffdf5a0a000 	C:\WINDOWS\SYSTEM32\WINHTTP.dll
0x00007ffdfd7b0000 - 0x00007ffdfd81a000 	C:\WINDOWS\system32\mswsock.dll
0x00007ffdbaa20000 - 0x00007ffdbaa33000 	D:\sts-4.11.1.RELEASE\plugins\org.eclipse.justj.openjdk.hotspot.jre.full.win32.x86_64_16.0.2.v20210721-1149\jre\bin\nio.dll
0x00007ffde09a0000 - 0x00007ffde0b1f000 	D:\sts-4.11.1.RELEASE\plugins\org.eclipse.justj.openjdk.hotspot.jre.full.win32.x86_64_16.0.2.v20210721-1149\jre\bin\awt.dll
0x00007ffdfb6e0000 - 0x00007ffdfb770000 	C:\WINDOWS\SYSTEM32\apphelp.dll
0x00007ffdfbdc0000 - 0x00007ffdfbdef000 	C:\WINDOWS\system32\DWMAPI.DLL
0x00007ffdfbad0000 - 0x00007ffdfbb6e000 	C:\WINDOWS\system32\uxtheme.dll
0x00007ffdc6040000 - 0x00007ffdc6165000 	C:\WINDOWS\system32\opengl32.dll
0x00007ffdc5410000 - 0x00007ffdc543c000 	C:\WINDOWS\SYSTEM32\GLU32.dll
0x00007ffdfeea0000 - 0x00007ffdfefb4000 	C:\WINDOWS\System32\MSCTF.dll
0x00007ffdff490000 - 0x00007ffdff5bb000 	C:\WINDOWS\System32\ole32.dll
0x00007ffdcd520000 - 0x00007ffdcd6ee000 	C:\WINDOWS\system32\d3d9.dll
0x00007ffdf0d80000 - 0x00007ffdf0f38000 	C:\WINDOWS\System32\DriverStore\FileRepository\u0385497.inf_amd64_ecfe6b52291c0e55\B385422\aticfx64.dll
0x00007ffdbedb0000 - 0x00007ffdc0c93000 	C:\WINDOWS\System32\DriverStore\FileRepository\u0385497.inf_amd64_ecfe6b52291c0e55\B385422\amdxn64.dll
0x00007ffdfc9a0000 - 0x00007ffdfca92000 	C:\WINDOWS\SYSTEM32\dxgi.dll
0x00007ffdee150000 - 0x00007ffdee180000 	C:\WINDOWS\SYSTEM32\amdihk64.dll
0x00007ffdf1770000 - 0x00007ffdf17ab000 	C:\WINDOWS\SYSTEM32\dxcore.dll
0x00007ffdfe200000 - 0x00007ffdfe24e000 	C:\WINDOWS\System32\cfgmgr32.dll
0x00007ffdf2f20000 - 0x00007ffdf2fa9000 	D:\sts-4.11.1.RELEASE\plugins\org.eclipse.justj.openjdk.hotspot.jre.full.win32.x86_64_16.0.2.v20210721-1149\jre\bin\freetype.dll
0x00007ffde0e40000 - 0x00007ffde0f36000 	D:\sts-4.11.1.RELEASE\plugins\org.eclipse.justj.openjdk.hotspot.jre.full.win32.x86_64_16.0.2.v20210721-1149\jre\bin\harfbuzz.dll
0x00007ffdf8790000 - 0x00007ffdf87a2000 	D:\sts-4.11.1.RELEASE\plugins\org.eclipse.justj.openjdk.hotspot.jre.full.win32.x86_64_16.0.2.v20210721-1149\jre\bin\fontmanager.dll
0x00007ffde92e0000 - 0x00007ffde93d9000 	C:\WINDOWS\SYSTEM32\textinputframework.dll
0x00007ffdfacf0000 - 0x00007ffdfb04b000 	C:\WINDOWS\System32\CoreUIComponents.dll
0x00007ffdfb220000 - 0x00007ffdfb312000 	C:\WINDOWS\System32\CoreMessaging.dll
0x00007ffdfd210000 - 0x00007ffdfd243000 	C:\WINDOWS\SYSTEM32\ntmarta.dll
0x00007ffdf9730000 - 0x00007ffdf9887000 	C:\WINDOWS\SYSTEM32\wintypes.dll
0x00007ffde58a0000 - 0x00007ffde58b0000 	D:\sts-4.11.1.RELEASE\plugins\org.eclipse.justj.openjdk.hotspot.jre.full.win32.x86_64_16.0.2.v20210721-1149\jre\bin\verify.dll

dbghelp: loaded successfully - version: 4.0.5 - missing functions: none
symbol engine: initialized successfully - sym options: 0x614 - pdb path: .;D:\sts-4.11.1.RELEASE\plugins\org.eclipse.justj.openjdk.hotspot.jre.full.win32.x86_64_16.0.2.v20210721-1149\jre\bin;C:\WINDOWS\SYSTEM32;C:\WINDOWS\WinSxS\amd64_microsoft.windows.common-controls_6595b64144ccf1df_6.0.19041.4355_none_60b8b9eb71f62e16;D:\sts-4.11.1.RELEASE\plugins\org.eclipse.justj.openjdk.hotspot.jre.full.win32.x86_64_16.0.2.v20210721-1149\jre\bin\server;C:\WINDOWS\System32\DriverStore\FileRepository\u0385497.inf_amd64_ecfe6b52291c0e55\B385422

VM Arguments:
jvm_args: -Dfile.encoding=Cp1252 -XX:+ShowCodeDetailsInExceptionMessages 
java_command: Meow
java_class_path (initial): D:\Documents\ProjectWorkspace\calendarmaker\target\classes;C:\Users\nrgma\.m2\repository\org\apache\xmlgraphics\batik-util\1.17\batik-util-1.17.jar;C:\Users\nrgma\.m2\repository\org\apache\xmlgraphics\batik-constants\1.17\batik-constants-1.17.jar;C:\Users\nrgma\.m2\repository\org\apache\xmlgraphics\batik-i18n\1.17\batik-i18n-1.17.jar;C:\Users\nrgma\.m2\repository\org\apache\xmlgraphics\batik-shared-resources\1.17\batik-shared-resources-1.17.jar;C:\Users\nrgma\.m2\repository\org\apache\xmlgraphics\batik-svggen\1.17\batik-svggen-1.17.jar;C:\Users\nrgma\.m2\repository\org\apache\xmlgraphics\batik-awt-util\1.17\batik-awt-util-1.17.jar;C:\Users\nrgma\.m2\repository\org\apache\xmlgraphics\xmlgraphics-commons\2.9\xmlgraphics-commons-2.9.jar;C:\Users\nrgma\.m2\repository\commons-io\commons-io\2.11.0\commons-io-2.11.0.jar;C:\Users\nrgma\.m2\repository\commons-logging\commons-logging\1.0.4\commons-logging-1.0.4.jar;C:\Users\nrgma\.m2\repository\org\apache\xmlgraphics\batik-dom\1.17\batik-dom-1.17.jar;C:\Users\nrgma\.m2\repository\org\apache\xmlgraphics\batik-css\1.17\batik-css-1.17.jar;C:\Users\nrgma\.m2\repository\org\apache\xmlgraphics\batik-ext\1.17\batik-ext-1.17.jar;C:\Users\nrgma\.m2\repository\org\apache\xmlgraphics\batik-xml\1.17\batik-xml-1.17.jar;C:\Users\nrgma\.m2\repository\xml-apis\xml-apis\1.4.01\xml-apis-1.4.01.jar;C:\Users\nrgma\.m2\repository\xml-apis\xml-apis-ext\1.3.04\xml-apis-ext-1.3.04.jar;C:\Users\nrgma\.m2\repository\org\apache\xmlgraphics\batik-swing\1.17\batik-swing-1.17.jar;C:\Users\nrgma\.m2\repository\org\apache\xmlgraphics\batik-anim\1.17\batik-anim-1.17.jar;C:\Users\nrgma\.m2\repository\org\apache\xmlgraphics\batik-parser\1.17\batik-parser-1.17.jar;C:\Users\nrgma\.m2\repository\org\apache\xmlgraphics\batik-svg-dom\1.17\batik-svg-dom-1.17.jar;C:\Users\nrgma\.m2\repository\org\apache\xmlgraphics\batik-bridge\1.17\batik-bridge-1.17.jar;C:\Users\nrgma\.m2\repository\org\apache\xmlgraphics\batik-gui-util\1.17\batik-gui-ut
Launcher Type: SUN_STANDARD

[Global flags]
     intx CICompilerCount                          = 4                                         {product} {ergonomic}
     uint ConcGCThreads                            = 3                                         {product} {ergonomic}
     uint G1ConcRefinementThreads                  = 10                                        {product} {ergonomic}
   size_t G1HeapRegionSize                         = 2097152                                   {product} {ergonomic}
    uintx GCDrainStackTargetSize                   = 64                                        {product} {ergonomic}
   size_t InitialHeapSize                          = 268435456                                 {product} {ergonomic}
   size_t MarkStackSize                            = 4194304                                   {product} {ergonomic}
   size_t MaxHeapSize                              = 4267704320                                {product} {ergonomic}
   size_t MaxNewSize                               = 2560622592                                {product} {ergonomic}
   size_t MinHeapDeltaBytes                        = 2097152                                   {product} {ergonomic}
   size_t MinHeapSize                              = 8388608                                   {product} {ergonomic}
    uintx NonNMethodCodeHeapSize                   = 5839372                                {pd product} {ergonomic}
    uintx NonProfiledCodeHeapSize                  = 122909434                              {pd product} {ergonomic}
    uintx ProfiledCodeHeapSize                     = 122909434                              {pd product} {ergonomic}
    uintx ReservedCodeCacheSize                    = 251658240                              {pd product} {ergonomic}
     bool SegmentedCodeCache                       = true                                      {product} {ergonomic}
     bool ShowCodeDetailsInExceptionMessages       = true                                   {manageable} {command line}
   size_t SoftMaxHeapSize                          = 4267704320                             {manageable} {ergonomic}
     bool UseCompressedClassPointers               = true                           {product lp64_product} {ergonomic}
     bool UseCompressedOops                        = true                           {product lp64_product} {ergonomic}
     bool UseG1GC                                  = true                                      {product} {ergonomic}
     bool UseLargePagesIndividualAllocation        = false                                  {pd product} {ergonomic}

Logging:
Log output configuration:
 #0: stdout all=warning uptime,level,tags
 #1: stderr all=off uptime,level,tags

Environment Variables:
JAVA_HOME=D:\JavaFiles
PATH=D:/sts-4.11.1.RELEASE//plugins/org.eclipse.justj.openjdk.hotspot.jre.full.win32.x86_64_16.0.2.v20210721-1149/jre/bin/server;D:/sts-4.11.1.RELEASE//plugins/org.eclipse.justj.openjdk.hotspot.jre.full.win32.x86_64_16.0.2.v20210721-1149/jre/bin;C:\Program Files (x86)\Common Files\Oracle\Java\javapath;C:\Program Files (x86)\Intel\Intel(R) Management Engine Components\iCLS\;C:\Program Files\Intel\Intel(R) Management Engine Components\iCLS\;C:\WINDOWS\system32;C:\WINDOWS;C:\WINDOWS\System32\Wbem;C:\WINDOWS\System32\WindowsPowerShell\v1.0\;C:\WINDOWS\System32\OpenSSH\;D:\maven\apache-maven-3.8.2\bin;D:\JavaFiles\bin;E:\Git\cmd;C:\Program Files\nodejs;C:\Program Files\nodejs\;D:\Git\bin;;C:\Program Files\Docker\Docker\resources\bin;C:\ProgramData\DockerDesktop\version-bin;C:\Program Files\dotnet\;C:\Program Files\Microsoft SQL Server\150\Tools\Binn\;C:\Program Files\Microsoft SQL Server\Client SDK\ODBC\170\Tools\Binn\;C:\Program Files (x86)\Windows Kits\10\Windows Performance Toolkit\;E:\Python\Python310\Scripts\;E:\Python\Python310\;C:\Users\nrgma\AppData\Local\Microsoft\WindowsApps;;E:\vscode\Microsoft VS Code\bin;C:\Users\nrgma\AppData\Roaming\npm;C:\Program Files (x86)\GitHub CLI\;C:\Users\nrgma\.dotnet\tools;D:\sts-4.11.1.RELEASE;
USERNAME=nrgma
OS=Windows_NT
PROCESSOR_IDENTIFIER=Intel64 Family 6 Model 158 Stepping 10, GenuineIntel



---------------  S Y S T E M  ---------------

OS:
 Windows 10 , 64 bit Build 19041 (10.0.19041.3636)
OS uptime: 10 days 0:59 hours
Hyper-V role detected

CPU: total 12 (initial active 12) (6 cores per cpu, 2 threads per core) family 6 model 158 stepping 10 microcode 0xf0, cx8, cmov, fxsr, ht, mmx, 3dnowpref, sse, sse2, sse3, ssse3, sse4.1, sse4.2, popcnt, lzcnt, tsc, tscinvbit, avx, avx2, aes, erms, clmul, bmi1, bmi2, adx, fma, vzeroupper, clflush, clflushopt, hv

Memory: 4k page, system-wide physical 16278M (3435M free)
TotalPageFile size 43030M (AvailPageFile size 2M)
current process WorkingSet (physical memory assigned to process): 104M, peak: 104M
current process commit charge ("private bytes"): 411M, peak: 411M

vm_info: OpenJDK 64-Bit Server VM (16.0.2+7-67) for windows-amd64 JRE (16.0.2+7-67), built on Jun  8 2021 23:21:43 by "mach5one" with MS VC++ 16.7 (VS2019)

END.
